Arguments: 
  /usr/local/bin/node /usr/local/Cellar/yarn/1.22.10/libexec/bin/yarn.js add react-native-svg

PATH: 
  /usr/local/bin:/usr/bin:/bin:/usr/sbin:/sbin:/Library/Apple/usr/bin:/Users/newuser/Desktop/BCIT_SSD/XPLATFORM/FlutterDevelopment/flutter/bin

Yarn version: 
  1.22.10

Node version: 
  15.8.0

Platform: 
  darwin x64

Trace: 
  TypeError [ERR_INVALID_ARG_TYPE]: The "path" argument must be of type string. Received [Object: null prototype]
      at new NodeError (node:internal/errors:329:5)
      at validateString (node:internal/validators:129:11)
      at Object.isAbsolute (node:path:1070:5)
      at module.exports.exports.default (/usr/local/Cellar/yarn/1.22.10/libexec/lib/cli.js:101024:16)
      at /usr/local/Cellar/yarn/1.22.10/libexec/lib/cli.js:51525:63
      at Generator.next (<anonymous>)
      at step (/usr/local/Cellar/yarn/1.22.10/libexec/lib/cli.js:310:30)
      at /usr/local/Cellar/yarn/1.22.10/libexec/lib/cli.js:321:13

npm manifest: 
  {
    "main": "node_modules/expo/AppEntry.js",
    "scripts": {
      "start": "expo start",
      "android": "expo start --android",
      "ios": "expo start --ios",
      "web": "expo start --web",
      "eject": "expo eject"
    },
    "dependencies": {
      "@expo/vector-icons": "^12.0.4",
      "@react-native-community/masked-view": "0.1.10",
      "@react-navigation/bottom-tabs": "^5.11.8",
      "@react-navigation/drawer": "^5.12.4",
      "@react-navigation/native": "^5.9.3",
      "@react-navigation/stack": "^5.14.3",
      "axios": "^0.21.1",
      "expo": "~40.0.0",
      "expo-status-bar": "~1.0.3",
      "firebase": "7.9.0",
      "react": "16.13.1",
      "react-dom": "16.13.1",
      "react-native": "https://github.com/expo/react-native/archive/sdk-40.0.1.tar.gz",
      "react-native-dotenv": "^2.5.3",
      "react-native-gesture-handler": "~1.8.0",
      "react-native-reanimated": "~1.13.0",
      "react-native-safe-area-context": "3.1.9",
      "react-native-screens": "~2.15.2",
      "react-native-web": "^0.15.5",
      "react-router-dom": "^5.2.0",
      "victory-native": "^35.3.1",
      "react-native-svg": "12.1.0"
    },
    "devDependencies": {
      "@babel/core": "^7.9.0",
      "jest": {
        "preset": "react-native",
        "transformIgnorePatterns": [
          "node_modules/(?!victory|react-native-svg|react-native)"
        ],
        "transform": {
          "^.+\\.jsx?$": "babel-jest"
        }
      }
    },
    "private": true
  }

yarn manifest: 
  No manifest

Lockfile: 
  No lockfile
